<?xml version="1.0" encoding="UTF-8"?>
<testng-results skipped="0" failed="0" total="1" passed="1">
  <reporter-output>
  </reporter-output>
  <suite name="Default suite" duration-ms="29602" started-at="2016-07-08T06:00:46Z" finished-at="2016-07-08T06:01:16Z">
    <groups>
    </groups>
    <test name="Default test" duration-ms="29602" started-at="2016-07-08T06:00:46Z" finished-at="2016-07-08T06:01:16Z">
      <class name="com.stockAcc.pages.logintest">
        <test-method status="PASS" signature="login()[pri:0, instance:com.stockAcc.pages.logintest@70092adf]" name="login" duration-ms="29538" started-at="2016-07-08T11:30:46Z" finished-at="2016-07-08T11:31:16Z">
          <reporter-output>
          </reporter-output>
        </test-method> <!-- login -->
      </class> <!-- com.stockAcc.pages.logintest -->
    </test> <!-- Default test -->
  </suite> <!-- Default suite -->
</testng-results>
