<?xml version="1.0" encoding="UTF-8"?>
<!-- Generated by org.testng.reporters.JUnitXMLReporter -->
<testsuite hostname="Mypc" name="Test" tests="2" failures="1" timestamp="5 Jul 2016 06:16:24 GMT" time="39.91" errors="0">
  <testcase name="stock_Suupcre" time="17.767" classname="com.stockAcc.Tests.tenstngSuppc"/>
  <testcase name="uomcrea" time="5.009" classname="com.stockAcc.Tests.testngUomcr">
    <failure type="java.lang.NullPointerException">
      <![CDATA[java.lang.NullPointerException
	at com.stockAcc.Tests.testngUomcr.uomcrea(testngUomcr.java:22)
... Removed 25 stack frames]]>
    </failure>
  </testcase> <!-- uomcrea -->
</testsuite> <!-- Test -->
